  Day6.cpp
C:\Program Files\Microsoft Visual Studio\2022\Community\VC\Tools\MSVC\14.38.33130\include\utility(250,54): warning C4244: 'initializing': conversion from '_Ty' to '_Ty2', possible loss of data
C:\Program Files\Microsoft Visual Studio\2022\Community\VC\Tools\MSVC\14.38.33130\include\utility(250,54): warning C4244:         with
C:\Program Files\Microsoft Visual Studio\2022\Community\VC\Tools\MSVC\14.38.33130\include\utility(250,54): warning C4244:         [
C:\Program Files\Microsoft Visual Studio\2022\Community\VC\Tools\MSVC\14.38.33130\include\utility(250,54): warning C4244:             _Ty=__int64
C:\Program Files\Microsoft Visual Studio\2022\Community\VC\Tools\MSVC\14.38.33130\include\utility(250,54): warning C4244:         ]
C:\Program Files\Microsoft Visual Studio\2022\Community\VC\Tools\MSVC\14.38.33130\include\utility(250,54): warning C4244:         and
C:\Program Files\Microsoft Visual Studio\2022\Community\VC\Tools\MSVC\14.38.33130\include\utility(250,54): warning C4244:         [
C:\Program Files\Microsoft Visual Studio\2022\Community\VC\Tools\MSVC\14.38.33130\include\utility(250,54): warning C4244:             _Ty2=uint32_t
C:\Program Files\Microsoft Visual Studio\2022\Community\VC\Tools\MSVC\14.38.33130\include\utility(250,54): warning C4244:         ]
  (compiling source file 'Day6.cpp')
  C:\Program Files\Microsoft Visual Studio\2022\Community\VC\Tools\MSVC\14.38.33130\include\utility(250,54):
  the template instantiation context (the oldest one first) is
  	C:\Users\The Silver Dragoness\Documents\CodeProjects\C++\AdventOfCode\AoC\Advent Of Code\2023\Day6\Day6.cpp(39,36):
  	see reference to function template instantiation 'std::pair<uint32_t,uint32_t>::pair<int,__int64,0>(_Other1 &&,_Other2 &&) noexcept' being compiled
          with
          [
              _Other1=int,
              _Other2=__int64
          ]
  		C:\Users\The Silver Dragoness\Documents\CodeProjects\C++\AdventOfCode\AoC\Advent Of Code\2023\Day6\Day6.cpp(39,36):
  		see the first reference to 'std::pair<uint32_t,uint32_t>::pair' in 'part2'
  
  Day6.vcxproj -> C:\Users\The Silver Dragoness\Documents\CodeProjects\C++\AdventOfCode\AoC\Advent Of Code\2023\x64\Debug\Day6.exe
